<?xml version="1.0" encoding="UTF-8"?>
<testng-results ignored="0" total="2" passed="2" failed="0" skipped="0">
  <reporter-output>
  </reporter-output>
  <suite started-at="2023-09-15T11:45:46 IST" name="Suite" finished-at="2023-09-15T11:46:35 IST" duration-ms="48079">
    <groups>
    </groups>
    <test started-at="2023-09-15T11:45:46 IST" name="chromeTest" finished-at="2023-09-15T11:46:05 IST" duration-ms="18445">
      <class name="com.testscript.Orange_hrm">
        <test-method is-config="true" signature="launch(java.lang.String)[pri:0, instance:com.testscript.Orange_hrm@4d14b6c2]" started-at="2023-09-15T11:45:46 IST" name="launch" finished-at="2023-09-15T11:45:58 IST" duration-ms="11880" status="PASS">
          <params>
            <param index="0">
              <value>
                <![CDATA[chrome]]>
              </value>
            </param>
          </params>
          <reporter-output>
          </reporter-output>
        </test-method> <!-- launch -->
        <test-method signature="login()[pri:1, instance:com.testscript.Orange_hrm@4d14b6c2]" started-at="2023-09-15T11:45:58 IST" name="login" finished-at="2023-09-15T11:46:04 IST" duration-ms="5841" status="PASS">
          <reporter-output>
          </reporter-output>
        </test-method> <!-- login -->
        <test-method is-config="true" signature="afterMerhod(org.testng.ITestResult)[pri:0, instance:com.testscript.Orange_hrm@4d14b6c2]" started-at="2023-09-15T11:46:04 IST" name="afterMerhod" finished-at="2023-09-15T11:46:04 IST" duration-ms="7" status="PASS">
          <params>
            <param index="0">
              <value>
                <![CDATA[[TestResult name=login status=SUCCESS method=Orange_hrm.login()[pri:1, instance:com.testscript.Orange_hrm@4d14b6c2] output={null}]]]>
              </value>
            </param>
          </params>
          <reporter-output>
          </reporter-output>
        </test-method> <!-- afterMerhod -->
        <test-method is-config="true" signature="afterclass()[pri:0, instance:com.testscript.Orange_hrm@4d14b6c2]" started-at="2023-09-15T11:46:04 IST" name="afterclass" finished-at="2023-09-15T11:46:05 IST" duration-ms="661" status="PASS">
          <reporter-output>
          </reporter-output>
        </test-method> <!-- afterclass -->
      </class> <!-- com.testscript.Orange_hrm -->
    </test> <!-- chromeTest -->
    <test started-at="2023-09-15T11:46:05 IST" name="edgeTest" finished-at="2023-09-15T11:46:35 IST" duration-ms="29609">
      <class name="com.testscript.Orange_hrm">
        <test-method is-config="true" signature="reportclass()[pri:0, instance:com.testscript.Orange_hrm@6cd24612]" started-at="2023-09-15T11:45:46 IST" name="reportclass" finished-at="2023-09-15T11:45:46 IST" duration-ms="417" status="PASS">
          <reporter-output>
          </reporter-output>
        </test-method> <!-- reportclass -->
        <test-method is-config="true" signature="launch(java.lang.String)[pri:0, instance:com.testscript.Orange_hrm@6cd24612]" started-at="2023-09-15T11:46:05 IST" name="launch" finished-at="2023-09-15T11:46:26 IST" duration-ms="21535" status="PASS">
          <params>
            <param index="0">
              <value>
                <![CDATA[edge]]>
              </value>
            </param>
          </params>
          <reporter-output>
          </reporter-output>
        </test-method> <!-- launch -->
        <test-method signature="login()[pri:1, instance:com.testscript.Orange_hrm@6cd24612]" started-at="2023-09-15T11:46:26 IST" name="login" finished-at="2023-09-15T11:46:34 IST" duration-ms="7267" status="PASS">
          <reporter-output>
          </reporter-output>
        </test-method> <!-- login -->
        <test-method is-config="true" signature="afterMerhod(org.testng.ITestResult)[pri:0, instance:com.testscript.Orange_hrm@6cd24612]" started-at="2023-09-15T11:46:34 IST" name="afterMerhod" finished-at="2023-09-15T11:46:34 IST" duration-ms="1" status="PASS">
          <params>
            <param index="0">
              <value>
                <![CDATA[[TestResult name=login status=SUCCESS method=Orange_hrm.login()[pri:1, instance:com.testscript.Orange_hrm@6cd24612] output={null}]]]>
              </value>
            </param>
          </params>
          <reporter-output>
          </reporter-output>
        </test-method> <!-- afterMerhod -->
        <test-method is-config="true" signature="afterclass()[pri:0, instance:com.testscript.Orange_hrm@6cd24612]" started-at="2023-09-15T11:46:34 IST" name="afterclass" finished-at="2023-09-15T11:46:35 IST" duration-ms="800" status="PASS">
          <reporter-output>
          </reporter-output>
        </test-method> <!-- afterclass -->
        <test-method is-config="true" signature="close()[pri:0, instance:com.testscript.Orange_hrm@6cd24612]" started-at="2023-09-15T11:46:35 IST" name="close" finished-at="2023-09-15T11:46:35 IST" duration-ms="525" status="PASS">
          <reporter-output>
          </reporter-output>
        </test-method> <!-- close -->
      </class> <!-- com.testscript.Orange_hrm -->
    </test> <!-- edgeTest -->
  </suite> <!-- Suite -->
</testng-results>
